<?xml version="1.0" encoding="UTF-8"?>
<testng-results skipped="0" failed="0" ignored="0" total="1" passed="1">
  <reporter-output>
  </reporter-output>
  <suite name="Default suite" duration-ms="12725" started-at="2019-05-13T17:45:49Z" finished-at="2019-05-13T17:46:02Z">
    <groups>
    </groups>
    <test name="Default test" duration-ms="12725" started-at="2019-05-13T17:45:49Z" finished-at="2019-05-13T17:46:02Z">
      <class name="Facebook">
        <test-method status="PASS" signature="Open()[pri:0, instance:Facebook@5dfcfece]" name="Open" duration-ms="12701" started-at="2019-05-13T17:45:49Z" finished-at="2019-05-13T17:46:02Z">
          <reporter-output>
          </reporter-output>
        </test-method> <!-- Open -->
      </class> <!-- Facebook -->
    </test> <!-- Default test -->
  </suite> <!-- Default suite -->
</testng-results>
